[    0.000000] Linux version 4.15.0-36-generic (buildd@lgw01-amd64-031) (gcc version 7.3.0 (Ubuntu 7.3.0-16ubuntu3)) #39-Ubuntu SMP Mon Sep 24 16:19:09 UTC 2018 (Ubuntu 4.15.0-36.39-generic 4.15.18)
[    0.000000] Command line: BOOT_IMAGE=/boot/vmlinuz-4.15.0-36-generic root=UUID=757d3f0d-8b6b-4dd1-bd35-9a841bd9ce3d ro console=tty1 console=ttyS0
[    0.000000] KERNEL supported cpus:
[    0.000000]   Intel GenuineIntel
[    0.000000]   AMD AuthenticAMD
[    0.000000]   Centaur CentaurHauls
[    0.000000] x86/fpu: Supporting XSAVE feature 0x001: 'x87 floating point registers'
[    0.000000] x86/fpu: Supporting XSAVE feature 0x002: 'SSE registers'
[    0.000000] x86/fpu: Supporting XSAVE feature 0x004: 'AVX registers'
[    0.000000] x86/fpu: xstate_offset[2]:  576, xstate_sizes[2]:  256
[    0.000000] x86/fpu: Enabled xstate features 0x7, context size is 832 bytes, using 'standard' format.
[    0.000000] e820: BIOS-provided physical RAM map:
[    0.000000] BIOS-e820: [mem 0x0000000000000000-0x000000000009fbff] usable
[    0.000000] BIOS-e820: [mem 0x000000000009fc00-0x000000000009ffff] reserved
[    0.000000] BIOS-e820: [mem 0x00000000000f0000-0x00000000000fffff] reserved
[    0.000000] BIOS-e820: [mem 0x0000000000100000-0x000000003ffeffff] usable
[    0.000000] BIOS-e820: [mem 0x000000003fff0000-0x000000003fffffff] ACPI data
[    0.000000] BIOS-e820: [mem 0x00000000fec00000-0x00000000fec00fff] reserved
[    0.00000] BIOS-e820: [mem 0x00000000fee00000-0x00000000fee00fff] reserved
[    0.00000] BIOS-e820: [mem 0x00000000fffc0000-0x00000000ffffffff] reserved
[    0.000000] NX (Execute Disable) protection: active
[    0.000000] SMBIOS 2.5 present.
[    0.000000] DMI: innotek GmbH VirtualBox/VirtualBox, BIOS VirtualBox 12/01/2006
[    0.000000] Hypervisor detected: KVM
[    0.000000] e820: last_pfn = 0x3fff max_arch_pfn = 0x400000000
[    0.000000] MTRR: Disabled
[    0.000000] x86/PAT: MTRRs disabled, skipping PAT initialization too.
[    0.000000] CPU MTRRs all blank - virtualized system.
[    0.000000] x86/PAT: Configuration [0-7]: WB  WT  UC- UC  WB  WT  UC- UC  
[    0.000000] found SMP MP-table at [mem 0x0009fff0-0x0009ffff] mapped at [        (ptrval)]
[    0.000000] Scanning 1 areas for low memory corruption
[    0.000000] RAMDISK: [mem 0x314b7000-0x34a52fff]
[    0.000000] ACPI: Early table checksum verification disbld
[    0.000000] ACPI: RSDP 0x00000000000E0000 000024 (v02 VBOX  )
[    0.000000] ACPI: XSDT 0x000000003FFF0030 00003C (v01 VBOX   VBOXXSDT 00000001 ASL  00000061)
[    0.000000] ACPI: FACP 0x000000003FFF00F0 0000F4 (v04 VBOX   VBOXFACP 00000001 ASL  00000061)
[    0.000000] API DSDT 0x000000003FFF0470 0021FF (v02 VBOX   VBOXBIOS 00000002 INTL 20180105)
[    0.000000] ACPI: FACS 0x000000003FFF0200 000040
[    0.000000] ACPI: FACS 0x000000003FFF0200 000040
[    0.000000] ACPI: APIC 0x000000003FFF0240 00005C (v02 VBOX   VBOXAPIC 00000001 ASL  00000061)
[    0.000000] ACPI: SSDT 0x000000003FFF02A0 0001C (v01 VBOX   VBOXCPUT 00000002 INTL 20180105)
[    0.000000] No NUMA configuration found
[    0.000000] Faking a node at [mem 0x0000000000000000-0x000000003ffeffff]
[    0.000000] NODE_DATA(0) allocated [mem 0x3ffc5000-0x3ffeffff]
[   0.000000 kvmclck: cpu 0, msr 0:3ff44001, primary cpu clock
[    0.000000] kvm-clock: Using msrs 4b564d01 and 4b564d00
[    0.000000] kvm-clock: using sched offset of 3968140097 cycles
[    0.000000] clocksource: kvm-clock: mask: 0xffffffffffffffff max_cycles: 0x1cd42e4dffb, max_idle_ns: 881590591483 ns
[    0.000000] Zone ranges:
[    0.000000]   DMA      [mem 0x0000000000001000-0x0000000000ffffff]
[    0.000000]   DMA32    [mem 0x0000000001000000-0x000000003ffeffff]
[    0.000000]   Normal   empty
[    0.000000]   Device   empty
[    0.000000] Movable zone start for each node
[    0.000000] Early memory node ranges
[    0.000000]   node   0: [mem 0x0000000000001000-0x000000000009efff]
[    0.000000]   node   0: [mem 0x0000000000100000-0x000000003ffeffff]
[    0.000000] Initmem setup node 0 [mem 0x0000000000001000-0x000000003ffeffff]
[    0.000000] Reserved but unavailable: 98 pages
[    0.000000] ACPI: PM-Timer IO Port: 0x4008
[    0.000000] IOAPIC[0]: apic_id 2, version 32, address 0xfec00000, GSI 0-23
[    0.000000] ACPI: INT_SRC_OVR (bus 0 bus_irq 0 global_irq 2 dfl dfl)
[    0.000000] ACPI: INT_SRC_OVR (bus 0 bus_irq 9 global_irq 9 low level)
[    0.000000] Using ACPI (MADT) for SMP configuration information
[    0.000000] smpboot: Allowing 2 CPUs, 0 hotplug CPUs
[    0.000000] PM: Registered nosave memory: [mem 0x00000000-0x00000fff]
[    0.000000] PM: Registered nosave memory: [mem 0x0009f000-0x0009ffff]
[    0.000000] PM: Registered nosave memory: [mem 0x000a0000-0x000effff]
[    0.000000] PM: Registered nosave memory: [mem 0x000f0000-0x000fffff]
[    0.000000] e820: [mem 0x40000000-0xfebfffff] available for PCI devices
[    0.000000] Booting paravirtualized kernel on KVM
[    0.000000] clocksource: refined-jiffies: mask: 0xffffffff max_cycles: 0xffffffff, max_idle_ns: 7645519600211568 ns
[    0.000000] random: get_random_bytes called from start_kernel+0x99/0x4fd with crng_init=0
[    0.000000] setup_percpu: NR_CPUS:8192 nr_cpumask_bits:2 nr_cpu_ids:2 nr_node_ids:1
[    0.000000] percpu: Embedded 46 pages/cpu @        (ptrval) s151552 r8192 d28672 u1048576
[    0.000000] PV qspinlock hash table entries: 256 (order: 0, 4096 bytes)
[    0.000000] Built 1 zonelists, mobility grouping on.  Total pages: 257913
[    0.000000] Policy zone: DMA32
[    0.000000] Kernel command line: BOOT_IMAGE=/boot/vmlinuz-4.15.0-36-generic root=UUID=757d3f0d-8b6b-4dd1-bd35-9a841bd9ce3d ro console=tty1 console=ttyS0
[    0.000000] Memory: 947688K/1048120K available (12300K kernel code, 2472K rwdata, 4248K rodata, 2408K init, 2416K bss, 100432K reserved, 0K cma-reserved)
[    0.000000] SLUB: HWalign=64, Order=0-3, MinObjects=0, CPUs=2, Nodes=1
[    0.000000] Kernel/User page tables isolation: enabled
[    0.000000] ftrace: allocating 39168 entries in 154 pages
[    0.004000] Hierarchical RCU implementation.
[    0.004000] 	RCU restricting CPUs from NR_CPUS=8192 to nr_cpu_ids=2.
[    0.004000] 	Tasks RCU enabled.
[    0.004000] RCU: Adjusting geometry for rcu_fanout_leaf=16, nr_cpu_ids=2
[    0.004000] NR_IRQS: 524544, nr_irqs: 440, preallocated irqs: 16
[    0.004000] Console: colour VGA+ 80x25
[    0.004000] console [tty1] enabled
[    0.004000] console [ttyS0] enabled
[    0.004000] ACPI: Core revision 20170831
[    0.004000] ACPI: 2 ACPI AML tables successfully acquired and loaded
[    0.004000] APIC: Switch to symmetric I/O mode setup
[    0.004000] x2apic enabled
[    0.004000] Switched APIC routing to physical x2apic.
[    0.004000] ..TIMER: vector=0x30 apic1=0 pin1=2 apic2=-1 pin2=-1
[    0.004004] tsc: Detected 2592.000 MHz processor
[    0.004719] Calibrating delay loop (skipped) preset value.. 5184.00 BogoMIPS (lpj=10368000)
[    0.005274] pid_max: default: 32768 minimum: 301
[    0.006015] Security Framework initialized
[    0.006680] Yama: becoming mindful.
[    0.008021] AppArmor: AppArmor initialized
[    0.008834] Dentry cache hash table entries: 131072 (order: 8, 1048576 bytes)
[    0.009963] Inode-cache hash table entries: 65536 (order: 7, 524288 bytes)
[    0.010976] Mount-cache hash table entries: 2048 (order: 2, 16384 bytes)
[    0.012006] Mountpoint-cache hash table entries: 2048 (order: 2, 16384 bytes)
[    0.013273] mce: CPU supports 0 MCE banks
[    0.016014] Last level iTLB entries: 4KB 64, 2MB 8, 4MB 8
[    0.016825] Last level dTLB entries: 4KB 64, 2MB 0, 4MB 0, 1GB 4
[    0.017713] Spectre V2 : Mitigation: Full generic retpoline
[    0.018544] Spectre V2 : Spectre v2 / SpectreRSB mitigation: Filling RSB on context switch
[    0.020001] Speculative Store Bypass: Vulnerable
[    0.020805] Freeing SMP alternatives memory: 36K
[    0.024000] smpboot: CPU0: Intel(R) Core(TM) i7-6500U CPU @ 2.50GHz (family: 0x6, model: 0x4e, stepping: 0x3)
[    0.024069] Performance Events: unsupported p6 CPU model 78 no PMU driver, software events only.
[    0.028030] Hierarchical SRCU implementation.
[    0.032607] NMI watchdog: Perf event create on CPU 0 failed with -2
[    0.036002] NMI watchdog: Perf NMI watchdog permanently disabled
[    0.036949] smp: Bringing up secondary CPUs ...
[    0.037729] x86: Booting SMP configuration:
[    0.038399] .... node  #0, CPUs:      #1
[    0.004000] kvm-clock: cpu 1, msr 0:3ff44041, secondary cpu clock
[    0.004000] mce: CPU supports 0 MCE banks
[    0.044034] smp: Brought up 1 node, 2 CPUs
[    0.044702] smpboot: Max logical packages: 1
[    0.045392] smpboot: Total of 2 processors activated (10368.00 BogoMIPS)
[    0.048049] devtmpfs: initialized
[    0.049817] x86/mm: Memory block size: 128MB
[    0.050619] evm: security.selinux
[    0.051169] evm: security.SMACK64
[    0.051714] evm: security.SMACK64EXEC
[    0.052002] evm: security.SMACK64TRANSMUTE
[    0.052646] evm: security.SMACK64MMAP
[    0.053282] evm: security.apparmor
[    0.053830] evm: security.ima
[    0.054319] evm: security.capability
[    0.054919] clocksource: jiffies: mask: 0xffffffff max_cycles: 0xffffffff, max_idle_ns: 7645041785100000 ns
[    0.056008] futex hash table entries: 512 (order: 3, 32768 bytes)
[    0.057013] pinctrl core: initialized pinctrl subsystem
[    0.058349] RTC time: 14:32:50, date: 10/21/18
[    0.060225] NET: Registered protocol family 16
[    0.061009] audit: initializing netlink subsys (disabled)
[    0.064026] audit: type=2000 audit(1540132369.891:1): state=initialized audit_enabled=0 res=1
[    0.064118] cpuidle: using governor ladder
[    0.068005] cpuidle: using governor menu
[    0.068695] ACPI: bus type PCI registered
[    0.069382] acpiphp: ACPI Hot Plug PCI Controller Driver version: 0.5
[    0.070411] PCI: Using configuration type 1 for base access
[    0.072948] HugeTLB registered 2.00 MiB page size, pre-allocated 0 pages
[    0.074112] ACPI: Added _OSI(Module Device)
[    0.076007] ACPI: Added _OSI(Processor Device)
[    0.076741] ACPI: Added _OSI(3.0 _SCP Extensions)
[    0.077461] ACPI: Added _OSI(Processor Aggregator Device)
[    0.080003] ACPI: Added _OSI(Linux-Dell-Video)
[    0.080704] ACPI: Added _OSI(Linux-Lenovo-NV-HDMI-Audio)
[    0.081819] ACPI: Executed 1 blocks of module-level executable AML code
[    0.088176] ACPI: Interpreter enabled
[    0.091101] ACPI: (supports S0 S5)
[    0.091652] ACPI: Using IOAPIC for interrupt routing
[    0.092309] PCI: Using host bridge windows from ACPI; if necessary, use "pci=nocrs" and report a bug
[    0.093914] ACPI: Enabled 2 GPEs in block 00 to 07
[    0.100142] ACPI: PCI Root Bridge [PCI0] (domain 0000 [bus 00-ff])
[    0.101079] acpi PNP0A03:00: _OSC: OS supports [ASPM ClockPM Segments MSI]
[    0.102189] acpi PNP0A03:00: _OSC: not requesting OS control; OS requires [ExtendedConfig ASPM ClockPM MSI]
[    0.103629] acpi PNP0A03:00: fail to add MMCONFIG information, can't access extended PCI configuration space under this bridge.
[    0.104305] PCI host bridge to bus 0000:00
[    0.104950] pci_bus 0000:00: root bus resource [io  0x0000-0x0cf7 window]
[    0.105942] pci_bus 0000:00: root bus resource [io  0x0d00-0xffff window]
[    0.108004] pci_bus 0000:00: root bus resource [mem 0x000a0000-0x000bffff window]
[    0.109186] pci_bus 0000:00: root bus resource [mem 0x40000000-0xfdffffff window]
[    0.110318] pci_bus 0000:00: root bus resource [bus 00-ff]
[    0.112944] pci 0000:00:01.1: legacy IDE quirk: reg 0x10: [io  0x01f0-0x01f7]
[    0.115089] pci 0000:00:01.1: legacy IDE quirk: reg 0x14: [io  0x03f6]
[    0.116000] pci 0000:00:01.1: legacy IDE quirk: reg 0x18: [io  0x0170-0x0177]
[    0.116002] pci 0000:00:01.1: legacy IDE quirk: reg 0x1c: [io  0x0376]
[    0.134793] pci 0000:00:07.0: quirk: [io  0x4000-0x403f] claimed by PIIX4 ACPI
[    0.136013] pci 0000:00:07.0: quirk: [io  0x4100-0x410f] claimed by PIIX4 SMB
[    0.148332] ACPI: PCI Interrupt Link [LNKA] (IRQs 5 9 10 *11)
[    0.152285] ACPI: PCI Interrupt Link [LNKB] (IRQs 5 9 *10 11)
[    0.156102] ACPI: PCI Interrupt Link [LNKC] (IRQs 5 *9 10 11)
[    0.160101] ACPI: PCI Interrupt Link [LNKD] (IRQs 5 9 10 *11)
[    0.164407] SCSI subsystem initialized
[    0.168065] pci 0000:00:02.0: vgaarb: setting as boot VGA device
[    0.168935] pci 0000:00:02.0: vgaarb: VGA device added: decodes=io+mem,owns=io+mem,locks=none
[    0.172014] pci 0000:00:02.0: vgaarb: bridge control possible
[    0.172905] vgaarb: loaded
[    0.173434] ACPI: bus type USB registered
[    0.174138] usbcore: registered new interface driver usbfs
[    0.176030] usbcore: registered new interface driver hub
[    0.180030] usbcore: registered new device driver usb
[    0.184099] EDAC MC: Ver: 3.0.0
[    0.184738] PCI: Using ACPI for IRQ routing
[    0.185004] NetLabel: Initializing
[    0.185578] NetLabel:  domain hash size = 128
[    0.186275] NetLabel:  protocols = UNLABELED CIPSOv4 CALIPSO
[    0.188020] NetLabel:  unlabeled traffic allowed by default
[    0.188926] clocksource: Switched to clocksource kvm-clock
[    0.198628] VFS: Disk quotas dquot_6.6.0
[    0.204648] VFS: Dquot-cache hash table entries: 512 (order 0, 4096 bytes)
[    0.205741] AppArmor: AppArmor Filesystem Enabled
[    0.206516] pnp: PnP ACPI init
[   0.207850] pnp: PnP ACPI: found 3 devices

[   0.239308] clocksource: acpi_pm: mask: 0xffffff max_cycles: 0xffffff, max_ile_ns: 2085701024 ns
[    0.536501] NET: Registered protocol family 2

[    0.537782] TCP established hash table entries: 8192 (order: 4, 65536 bytes)
[    0.538893] TCP bind hash table entries: 8192 (order: 5, 131072 bytes)
[    0.539879] TCP: Hash tables configured (established 8192 bind 8192)
[    0.540907] UDP hash table entries: 512 (order: 2, 16384 bytes)
[    0.541852] UDP-Lite hash table entries: 512 (order: 2, 16384 bytes)
[    0.542903] NET: Registered protocol family 1
[    0.543590] pci 0000:00:00.0: Limiting direct PCI/PCI transfers
[    0.544510] pci 00:001: titi I D hg rkounds
[  16279 pi 0000:00:02.0: Video device with shadowed ROM at [mem 0x000c0000-0x000dffff]

[    1.226987] Unpacking initramfs...
[    1.916588] Freeing initrd memory: 54896K
[    1.985631] platform rtc_cmos: registered platform RTC device (no PNP device found)
[    1.993300] Scanning for low memory corruption every 60 seconds
[    2.073404] Initialise system trusted keyrings
[    2.077080] Key type blacklist registered
[    2.077927] workingset: timestamp_bits=36 max_order=18 bucket_order=0
[    2.081423] zbud: loaded
[    2.082323] squashfs: version 4.0 (2009/01/31) Phillip Lougher
[    2.083499] fuse init (API version 7.26)
[    2.087576] Key type asymmetric registered
[    2.092966] Asymmetric key parser 'x509' registered
[    2.093769] Block layer SCSI generic (bsg) driver version 0.4 loaded (major 246)
[    2.095108] io scheduler noop registered
[    2.095762] io scheduler deadline registered
[    2.096617] io scheduler cfq registered (default)
[    2.097722] ACPI: AC Adapter [AC] (off-line)
[    2.104822] input: Power Button as /devices/LNXSYSTM:00/LNXPWRBN:00/input/input0
[    2.106006] ACPI: Power Button [PWRF]
[    2.106734] input: Sleep Button as /devices/LNXSYSTM:00/LNXSLPBN:00/input/input1
[    2.107956] ACPI: Sleep Button [SLPF]
[    2.108945] Serial: 8250/16550 driver, 32 ports, IRQ sharing enabled
[    2.109575] ACPI: Battery Slot [BAT0] (battery present)
[    2.135856] 00:02: ttyS0 at I/O 0x3f8 (irq = 4, base_baud = 115200) is a 16550A
[    2.144786] Linux agpgart interface v0.103
[    2.152641] loop: module loaded
[    2.160074] scsi host0: ata_piix
[    2.162930] scsi host1: ata_piix
[    2.163517] ata1: PATA max UDMA/33 cmd 0x1f0 ctl 0x3f6 bmdma 0xd000 irq 14
[    2.164576] ata2: PATA max UDMA/33 cmd 0x170 ctl 0x376 bmdma 0xd008 irq 15
[    2.165717] libphy: Fixed MDIO Bus: probed
[    2.382533] tun: Universal TUN/TAP device driver, 1.6
[    2.91258]] PPP generic driver version 2.4.2
[    3.262856] tsc: Refined TSC clocksource calibration: 2591.028 MHz
[    3.263997] clocksource: tsc: mask: 0xffffffffffffffff max_cycles: 0x255920562b0, max_idle_ns: 440795229689 ns
[    3.323523] ehci_hcd: USB 2.0 'Enhanced' Host Controller (EHCI) Driver
[    3.342648] ehci-pci: EHCI PCI platform driver
[    3.344325] ehci-platform: EHCI generic platform driver
[    3.346129] ohci_hcd: USB 1.1 'Open' Host Controller (OHCI) Driver
[    3.347232] ohci-pci: OHCI PCI platform driver
[    3.347974] ohci-platform: OHCI generic platform driver
[    3.348812] uhci_hcd: USB Universal Host Controller Interface driver
[    3.349932] i8042: PNP: PS/2 Controller [PNP0303:PS2K,PNP0f03:PS2M] at 0x60,0x64 irq 1,12
[    3.351432] serio: i8042 KBD port at 0x60,0x64 irq 1
[    3.352095] serio: i8042 AUX port at 0x60,0x64 irq 12
[    3.353027] mousedev: PS/2 mouse device common for all mice
[    3.354327] input: AT Translated Set 2 keyboard as /devices/platform/i8042/serio0/input/input2
[    3.356043] rtc_cmos rtc_cmos: rtc core: registered rtc_cmos as rtc0
[    3.356099] rtc_cmos rtc_cmos: alarms up to one day, 114 bytes nvram
[    3.356105] i2c /dev entries driver
[    3.356109] pcie_mp2_amd: AMD(R) PCI-E MP2 Communication Driver Version: 1.0
[    3.356164] device-mapper: uevent: version 1.0.3
[    3.356214] device-mapper: ioctl: 4.37.0-ioctl (2017-09-20) initialised: dm-devel@redhat.com
[    3.716081] ledtrig-cpu: registered to indicate activity on CPUs
[    3.717266] NET: Registered protocol family 10
[    3.726384] Segment Routing with IPv6
[    3.729978] NET: Registered protocol family 17
[    3.730657] Key type dns_resolver registered
[    3.732945] RAS: Correctable Errors collector initialized.
[    3.733705] sched_clock: Marking stable (3732875560, 0)->(10479559656, -6746684096)
[    3.734998] registered taskstats version 1
[    3.742843] Loading compiled-in X.509 certificates
[    3.745558] Loaded X.509 cert 'Build time autogenerated kernel key: fcd93cd0852f7ae1da10896371e06e3c19479c00'
[    3.763615] zswap: loaded using pool lzo/zbud
[    3.767213] Key type big_key registered
[    3.769235] Key type trusted registered
[    3.804192] Key type encrypted registered
[    3.811937] AppArmor: AppArmor sha1 policy hashing enabled
[    3.819820] ima: No TPM chip found, activating TPM-bypass! (rc=-19)
[    3.823008] ima: Allocated hash algorithm: sha1
[    3.823766] evm: HMAC attrs: 0x1
[    3.824553]   Magic number: 6:565:536
[    3.825193] tty ttyS16: hash matches
[    3.825874] rtc_cmos rtc_cmos: setting system clock to 2018-10-21 14:32:54 UTC (1540132374)
[    3.827328] BIOS EDD facility v0.16 2004-Jun-25, 0 devices found
[    3.828305] EDD information not available.
[    3.831354] Freeing unused kernel memory: 2408K
[    3.860102] Write protecting the kernel read-only data: 20480k
[    3.863826] Freeing unused kernel memory: 2008K
[    3.867581] Freeing unused kernel memory: 1896K
[    3.877815] x86/mm: Checked W+X mappings: passed, no W+X pages found.
[    3.878838] x86/mm: Checking user space page tables
[    3.884520] x86/mm: Checked W+X mappings: passed, no W+X pages found.
Loading, please wait...
starting version 237
[    3.934741] piix4_smbus 0000:00:07.0: SMBus Host Controller at 0x4100, revision 0
[    3.956525] e1000: Intel(R) PRO/1000 Network Driver - version 7.3.21-k8-NAPI
[    3.965908] e1000: Copyright (c) 1999-2006 Intel Corporation.
[    3.969675] Fusion MPT base driver 3.04.20
[    3.980720] Copyright (c) 1999-2008 LSI Corporation
[    3.982468] ACPI: Video Device [GFX0] (multi-head: yes  rom: no  post: no)
[    3.985302] input: Video Bus as /devices/LNXSYSTM:00/LNXSYBUS:00/PNP0A03:00/LNXVIDEO:00/input/input5
[    3.991866] Fusion MPT SPI Host driver 3.04.20
[    4.002678] AVX2 version of gcm_enc/dec engaged.
[    4.037318] AES CTR mode by8 optimization enabled
[    4.173202] input: ImExPS/2 Generic Explorer Mouse as /devices/platform/i8042/serio1/input/input4
[    4.332638] e1000 0000:00:03.0 eth0: (PCI:33MHz:32-bit) 02:5a:4b:c7:3e:fa
[    4.382673] e1000 0000:00:03.0 eth0: Intel(R) PRO/1000 Network Connection
[    4.404250] mptbase: ioc0: Initiating bringup
[    4.512957] ioc0: LSI53C1030 A0: Capabilities={Initiator}
[    4.773935] scsi host2: ioc0: LSI53C1030 A0, FwRev=00000000h, Ports=1, MaxQ=256, IRQ=20
[    4.982318] scsi 2:0:0:0: Direct-Access     VBOX     HARDDISK         1.0  PQ: 0 ANSI: 5
[    5.339631] scsi target2:0:0: Beginning Domain Validation
[    5.353551] e1000 0000:00:08.0 eth1: (PCI:33MHz:32-bit) 08:00:27:7d:42:e2
[    5.353554] e1000 0000:00:08.0 eth1: Intel(R) PRO/1000 Network Connection
[    5.496790] e1000 0000:00:03.0 enp0s3: renamed from eth0
[    5.597540] scsi target2:0:0: Domain Validation skipping write tests
[    5.598771] scsi target2:0:0: Ending Domain Validation
[    5.601228] scsi target2:0:0: asynchronous
[    5.642180] scsi 2:0:1:0: Direct-Access     VBOX     HARDDISK         1.0  PQ: 0 ANSI: 5
[    5.864387] e1000 0000:00:08.0 enp0s8: renamed from eth1
[    5.912311] scsi target2:0:1: Beginning Domain Validation
[    6.057171] random: fast init done
[    6.104710] scsi target2:0:1: Domain Validation skipping write tests
[    6.105536] scsi target2:0:1: Ending Domain Validation
[    6.106251] scsi target2:0:1: asynchronous
[    6.114882] random: systemd-udevd: uninitialized urandom read (16 bytes read)
[    6.115068] sd 2:0:0:0: [sda] 20971520 512-byte logical blocks: (10.7 GB/10.0 GiB)
[    6.115105] sd 2:0:0:0: [sda] Write Protect is off
[    6.115176] sd 2:0:0:0: [sda] Incomplete mode parameter data
[    6.115178] sd 2:0:0:0: [sda] Assuming drive cache: write through
[    6.115373] sd 2:0:0:0: Attached scsi generic sg0 type 0
[    6.115791] sd 2:0:1:0: Attached scsi generic sg1 type 0
[    6.115965] sd 2:0:1:0: [sdb] 20480 512-byte logical blocks: (10.5 MB/10.0 MiB)
[    6.116023] sd 2:0:1:0: [sdb] Write Protect is off
[    6.116091] sd 2:0:1:0: [sdb] Incomplete mode parameter data
[    6.116092] sd 2:0:1:0: [sdb] Assuming drive cache: write through
[    6.117425]  sda: sda1
[    6.117825] sd 2:0:0:0: [sda] Attached SCSI disk
[    6.118540] sd 2:0:1:0: [sdb] Attached SCSI disk
[    6.132916] random: systemd-udevd: uninitialized urandom read (16 bytes read)
[    6.133843] random: systemd-udevd: uninitialized urandom read (16 bytes read)
Begin: Loading essential drivers ... [    7.552073] raid6: sse2x1   gen()  9851 MB/s
[    7.652072] raid6: sse2x1   xor()  7338 MB/s
[    7.748034] raid6: sse2x2   gen() 12429 MB/s
[    7.920023] raid6: sse2x2   xor()  8457 MB/s
[    8.092031] raid6: sse2x4   gen() 14641 MB/s
[    8.152028] raid6: sse2x4   xor()  8986 MB/s
[    8.328023] raid6: avx2x1   gen() 20775 MB/s
[    8.472030] raid6: avx2x1   xor() 14323 MB/s
[    8.640057] raid6: avx2x2   gen() 21792 MB/s
[    8.752058] raid6: avx2x2   xor() 15467 MB/s
[    8.848060] raid6: avx2x4   gen() 28484 MB/s
[    8.896078] raid6: avx2x4   xor() 17581 MB/s
[    8.896768] raid6: using algorithm avx2x4 gen() 28484 MB/s
[    8.897591] raid6: .... xor() 17581 MB/s, rmw enabled
[    8.898355] raid6: using avx2x2 recovery algorithm
[    8.900493] xor: automatically using best checksumming function   avx       
[    8.904242] async_tx: api initialized (async)
done.
Begin: Running /scripts/init-p[    9.413846] Btrfs loaded, crc32c=crc32c-intel
remount ... done.
Begin: Mounting root file system ... Begin: Running /scripts/local-top ... done.
Begin: Running /scripts/local-premount ... Scanning for Btrfs filesystems
done.
Warning: fsck not present, so skipping root file system
[    9.446036] EXT4-fs (sda1): mounted filesystem with ordered data mode. Opts: (null)
done.
Begin: Running /scripts/local-bottom ... done.
Begin: Running /scripts/init-bottom ... done.
[    9.693578] ip_tables: (C) 2000-2006 Netfilter Core Team
[    9.706581] systemd[1]: systemd 237 running in system mode. (+PAM +AUDIT +SELINUX +IMA +APPARMOR +SMACK +SYSVINIT +UTMP +LIBCRYPTSETUP +GCRYPT +GNUTLS +ACL +XZ +LZ4 +SECCOMP +BLKID +ELFUTILS +KMOD -IDN2 +IDN -PCRE2 default-hierarchy=hybrid)
[   11.503173] systemd[1]: Detected virtualization oracle.
[   11.706785] systemd[1]: Detected architecture x86-64.

Welcome to [1mUbuntu 18.04.1 LTS[0m!

[   11.949093] systemd[1]: Set hostname to <ubuntu-xenial>.
[   12.456458] systemd[1]: Started Forward Password Requests to Wall Directory Watch.
[[0;32m  OK  [0m] Started Forward Password Requests to Wall Directory Watch.
[   12.805752] systemd[1]: Created slice System Slice.
[[0;32m  OK  [0m] Created slice System Slice.
[   12.960719] systemd[1]: Listening on udev Kernel Socket.
[[0;32m  OK  [0m] Listening on udev Kernel Socket.
[   12.972513] systemd[1]: Reached target User and Group Name Lookups.
[[0;32m  OK  [0m] Reached target User and Group Name Lookups.
[   13.444478] systemd[1]: Reached target Swap.
[[0;32m  OK  [0m] Reached target Swap.
[   13.445764] systemd[1]: Listening on Journal Socket.
[[0;32m  OK  [0m] Listening on Journal Socket.
         Starting Load Kernel Modules...
         Starting Create list of required st…ce nodes for the current kernel...
         Mounting Huge Pages File System...
         Mounting POSIX Message [   13.466412] Loading iSCSI transport class v2.0-870.
Queue File System...
         Startin[   13.619014] iscsi: registered transport (tcp)
g Uncomplicated firewall...
         Starting Set the console keyboard layout...
[[0;32m  OK  [0m] Listening on Journal Audit S[   13.682549] iscsi: registered transport (iser)
ocket.
[[0;32m  OK  [0m] Listening on /dev/initctl Compatibility Named Pipe.
[[0;32m  OK  [0m] Listening on Syslog Socket.
[[0;32m  OK  [0m] Created slice system-serial\x2dgetty.slice.
[[0;32m  OK  [0m] Set up automount Arbitrary Executab…rmats File System Automount Point.
[[0;32m  OK  [0m] Reached target System Time Synchronized.
         Mounting Kernel Debug File System...
         Starting Nameserver information manager...
         Starting Remount Root and Kernel File Systems...
[   13.748096] EXT4-fs (sda1): re-mounted. Opts: (null)
[[0;32m  OK  [0m] Created slice User and Session Slice.
[[0;32m  OK  [0m] Reached target Slices.
[[0;32m  OK  [0m] Listening on LVM2 poll daemon socket.
[[0;32m  OK  [0m] Listening on LVM2 metadata daemon socket.
[[0;32m  OK  [0m] Listening on udev Control Socket.
         Starting udev Coldplug all Devices...
[[0;32m  OK  [0m] Listening on Journal Socket (/dev/log).
         Starting Journal Service...
[[0;32m  OK  [0m] Listening on Device-mapper event daemon FIFOs.
         Starting Monitoring of LVM2 mirrors…ng dmeventd or progress polling...
[[0;32m  OK  [0m] Started Load Kernel Modules.
[[0;32m  OK  [0m] Started Journal Service.
[[0;32m  OK  [0m] Started Create list of required sta…vice nodes for the current kernel.
[[0;32m  OK  [0m] Mounted Huge Pages File System.
[[0;32m  OK  [0m] Mounted POSIX Message Queue File System.
[[0;32m  OK  [0m] Started Uncomplicated firewall.
[[0;32m  OK  [0m] Started Set the console keyboard layout.
[[0;32m  OK  [0m] Mounted Kernel Debug File System.
[[0;32m  OK  [0m] Started Remount Root and Kernel File Systems.
[[0;32m  OK  [0m] Started Nameserver information manager.
[[0;32m  OK  [0m] Started LVM2 metadata daemon.
         Starting Load/Save Random Seed...
         Starting Initial cloud-init job (pre-networking)...
         Starting Create Static Device Nodes in /dev...
[   14.098261] random: crng init done
[   14.146788] random: 7 urandom warning(s) missed due to ratelimiting
         Starting Flush Journal to Persistent Storage...
         Mounting FUSE Control File System...
         Mounting Kernel Configuration File System...
         Starting Apply Kernel Variables...
[[0;32m  OK  [0m] Started Monitoring of LVM2 mirrors,…sing dmeventd or progress polling.
[[0;32m  OK  [0m] Started udev Coldplug all Devices.
[[0;32m  OK  [0m] Started Load/Save Random Seed.
[[0;32m  OK  [0m] Started Create Static Device Nodes in /dev.
[[0;32m  OK  [0m] Mounted FUSE Control File System.
[[0;32m  OK  [0m] Mounted Kernel Configuration File System.
         Starting udev Kernel Device Manager...
[[0;32m  OK  [0m] Reached target Local File Systems (Pre).
[[0;32m  OK  [0m] Reached target Local File Systems.
         Starting ebtables ruleset management...
         Starting AppArmor initialization...
         Starting Tell Plymouth To Write Out Runtime Data...
         Starting Set console font and keymap...
[[0;32m  OK  [0m] Started udev Kernel Device Manager.
[[0;32m  OK  [0m] Started Apply Kernel Variables.
[[0;32m  OK  [0m] Started Tell Plymouth To Write Out Runtime Data.
[[0;32m  OK  [0m] Started Dispatch Password Requests to Console Directory Watch.
[[0;32m  OK  [0m] Reached target Local Encrypted Volumes.
[[0;32m  OK  [0m] Started Set console font and keymap.
[[0;32m  OK  [0m] Started Flush Journal to Persistent Storage.
         Starting Create Volatile Files and Directories...
[[0;32m  OK  [0m] Started ebtables ruleset management.
[[0;32m  OK  [0m] Started Create Volatile Files and Directories.
         Starting Update UTMP about System Boot/Shutdown...
         Starting Network Name Resolution...
[[0;32m  OK  [0m] Found device /dev/ttyS0.
[[0;32m  OK  [0m] Started Update UTMP about System Boot/Shutdown.
[[0;32m  OK  [0m] Listening on Load/Save RF Kill Switch Status /dev/rfkill Watch.
[[0;32m  OK  [0m] Started Network Name Resolution.
[[0;32m  OK  [0m] Reached target Host and Network Name Lookups.
[[0;32m  OK  [0m] Found device 82540EM Gigabit Ethern…ler (PRO/1000 MT Desktop Adapter).
[[0;32m  OK  [0m] Found device 82540EM Gigabit Ethern…ler (PRO/1000 MT Desktop Adapter).
[   16.687657] cloud-init[438]: Cloud-init v. 18.3-9-g2e62cb8a-0ubuntu1~18.04.2 running 'init-local' at Sun, 21 Oct 2018 14:33:07 +0000. Up 16.45 seconds.
[[0;32m  OK  [0m] Started Initial cloud-init job (pre-networking).
[[0;32m  OK  [0m] Started AppArmor initialization.
[[0;32m  OK  [0m] Reached target Network (Pre).
         Starting Raise network interfaces...
[[0;32m  OK  [0m] Started ifup for enp0s3.
[[0;32m  OK  [0m] Started ifup for enp0s8.
         Starting Network Time Synchronization...
         Stopping Network Name Resolution...
         Starting Tell Plymouth To Write Out Runtime Data...
[[0;32m  OK  [0m] Stopped Network Name Resolution.
[[0;32m  OK  [0m] Started Tell Plymouth To Write Out Runtime Data.
[[0;32m  OK  [0m] Reached target Sound Card.
         Starting Network Name Resolution...
[[0;32m  OK  [0m] Started Network Time Synchronization.
[[0;32m  OK  [0m] Started Network Name Resolution.
[[0;32m  OK  [0m] Started Raise network interfaces.
         Starting Initial cloud-init job (metadata service crawler)...
[[0;32m  OK  [0m] Reached target Network.
[   17.911382] cloud-init[1000]: Cloud-init v. 18.3-9-g2e62cb8a-0ubuntu1~18.04.2 running 'init' at Sun, 21 Oct 2018 14:33:08 +0000. Up 17.59 seconds.
[   17.917833] cloud-init[1000]: ci-info: ++++++++++++++++++++++++++++++++++++++Net device info+++++++++++++++++++++++++++++++++++++++
[   17.919347] cloud-init[1000]: ci-info: +--------+------+-----------------------------+---------------+--------+-------------------+
[   17.920823] cloud-init[1000]: ci-info: | Device |  Up  |           Address           |      Mask     | Scope  |     Hw-Address    |
[   17.925087] cloud-init[1000]: ci-info: +--------+------+-----------------------------+---------------+--------+-------------------+
[   17.928297] cloud-init[1000]: ci-info: | enp0s3 | True |          10.0.2.15          | 255.255.255.0 | global | 02:5a:4b:c7:3e:fa |
[   17.933468] cloud-init[1000]: ci-info: | enp0s3 | True |  fe80::5a:4bff:fec7:3efa/64 |       .       |  link  | 02:5a:4b:c7:3e:fa |
[   17.935021] cloud-init[1000]: ci-info: | enp0s8 | True |        192.168.33.10        | 255.255.255.0 | global | 08:00:27:7d:42:e2 |
[   17.936503] cloud-init[1000]: ci-info: | enp0s8 | True | fe80::a00:27ff:fe7d:42e2/64 |       .       |  link  | 08:00:27:7d:42:e2 |
[   17.937979] cloud-init[1000]: ci-info: |   lo   | True |          127.0.0.1          |   255.0.0.0   |  host  |         .         |
[   17.939559] cloud-init[1000]: ci-info: |   lo   | True |           ::1/128           |       .       |  host  |         .         |
[   17.941033] cloud-init[1000]: ci-info: +--------+------+-----------------------------+---------------+--------+-------------------+
[   17.952944] cloud-init[1000]: ci-info: ++++++++++++++++++++++++++++Route IPv4 info++++++++++++++++++++++++++++
[   17.957310] cloud-init[1000]: ci-info: +-------+--------------+----------+---------------+-----------+-------+
[   17.964431] cloud-init[1000]: ci-info: | Route | Destination  | Gateway  |    Genmask    | Interface | Flags |
[   17.965802] cloud-init[1000]: ci-info: +-------+--------------+----------+---------------+-----------+-------+
[   17.968886] cloud-init[1000]: ci-info: |   0   |   0.0.0.0    | 10.0.2.2 |    0.0.0.0    |   enp0s3  |   UG  |
[   17.970169] cloud-init[1000]: ci-info: |   1   |   10.0.2.0   | 0.0.0.0  | 255.255.255.0 |   enp0s3  |   U   |
[   17.971446] cloud-init[1000]: ci-info: |   2   | 192.168.33.0 | 0.0.0.0  | 255.255.255.0 |   enp0s8  |   U   |
[   17.972877] cloud-init[1000]: ci-info: +-------+--------------+----------+---------------+-----------+-------+
[   17.974158] cloud-init[1000]: ci-info: +++++++++++++++++++Route IPv6 info+++++++++++++++++++
[   17.975256] cloud-init[1000]: ci-info: +-------+-------------+---------+-----------+-------+
[   17.976404] cloud-init[1000]: ci-info: | Route | Destination | Gateway | Interface | Flags |
[   17.977499] cloud-init[1000]: ci-info: +-------+-------------+---------+-----------+-------+
[   17.978602] cloud-init[1000]: ci-info: |   1   |  fe80::/64  |    ::   |   enp0s8  |   U   |
[   17.979681] cloud-init[1000]: ci-info: |   2   |  fe80::/64  |    ::   |   enp0s3  |   U   |
[   17.980766] cloud-init[1000]: ci-info: |   4   |   ff00::/8  |    ::   |   enp0s8  |   U   |
[   17.981880] cloud-init[1000]: ci-info: |   5   |   ff00::/8  |    ::   |   enp0s3  |   U   |
[   17.982971] cloud-init[1000]: ci-info: +-------+-------------+---------+-----------+-------+
[[0;32m  OK  [0m] Started Initial cloud-init job (metadata service crawler).
[[0;32m  OK  [0m] Reached target System Initialization.
[[0;32m  OK  [0m] Started resolvconf-pull-resolved.path.
[[0;32m  OK  [0m] Started Daily Cleanup of Temporary Directories.
[[0;32m  OK  [0m] Started ACPI Events Check.
[[0;32m  OK  [0m] Reached target Paths.
[[0;32m  OK  [0m] Started Discard unused blocks once a week.
[[0;32m  OK  [0m] Listening on UUID daemon activation socket.
[[0;32m  OK  [0m] Listening on ACPID Listen Socket.
[[0;32m  OK  [0m] Started Daily apt download activities.
[[0;32m  OK  [0m] Started Daily apt upgrade and clean activities.
[[0;32m  OK  [0m] Started Message of the Day.
         Starting Socket activation for snappy daemon.
[[0;32m  OK  [0m] Listening on Open-iSCSI iscsid Socket.
[[0;32m  OK  [0m] Listening on D-Bus System Message Bus Socket.
         Starting LXD - unix socket.
[[0;32m  OK  [0m] Reached target Timers.
[[0;32m  OK  [0m] Reached target Network is Online.
[[0;32m  OK  [0m] Reached target Remote File Systems (Pre).
[[0;32m  OK  [0m] Reached target Remote File Systems.
         Starting Availability of block devices...
[[0;32m  OK  [0m] Reached target Cloud-config availability.
[[0;32m  OK  [0m] Listening on Socket activation for snappy daemon.
[[0;32m  OK  [0m] Listening on LXD - unix socket.
[[0;32m  OK  [0m] Started Availability of block devices.
[[0;32m  OK  [0m] Reached target Sockets.
[[0;32m  OK  [0m] Reached target Basic System.
         Starting LSB: automatic crash report generation...
         Starting System Logging Service...
         Starting OpenBSD Secure Shell server...
[[0;32m  OK  [0m] Started Unattended Upgrades Shutdown.
[[0;32m  OK  [0m] Started Deferred execution scheduler.
         Starting LSB: Record successful boot for GRUB...
         Starting Login Service...
[[0;32m  OK  [0m] Started D-Bus System Message Bus.
[[0;32m  OK  [0m] Started Login Service.
         Starting Thermal Daemon Service...
         Starting resolvconf-pull-resolved.service...
[[0;32m  OK  [0m] Started FUSE filesystem for LXC.
         Starting Permit User Sessions...
         Starting Accounts Service...
[[0;32m  OK  [0m] Started irqbalance daemon.
[[0;32m  OK  [0m] Started Regular background program processing daemon.
         Starting LXD - container startup/shutdown...
         Starting Dispatcher daemon for systemd-networkd...
         Starting Snappy daemon...
[[0;32m  OK  [0m] Started System Logging Service.
[[0;32m  OK  [0m] Started Thermal Daemon Service.
[[0;32m  OK  [0m] Started OpenBSD Secure Shell server.
[[0;32m  OK  [0m] Started resolvconf-pull-resolved.service.
[[0;32m  OK  [0m] Started Permit User Sessions.
         Starting Authorization Manager...
         Starting Hold until boot process finishes up...
         Starting Terminate Plymouth Boot Screen...
[[0;32m  OK  [0m] Started LXD - container startup/shutdown.
[[0;32m  OK  [0m] Started Hold until boot process finishes up.
[[0;32m  OK  [0m] Started LSB: Record successful boot for GRUB.
[[0;32m  OK  [0m] Started LSB: automatic crash report generation.
[[0;32m  OK  [0m] Started Terminate Plymouth Boot Screen.
[[0;32m  OK  [0m] Started Authorization Manager.
[[0;32m  OK  [0m] Started Accounts Service.
[[0;32m  OK  [0m] Started Snappy daemon.
[[0;32m  OK  [0m] Started Dispatcher daemon for systemd-networkd.
         Starting Wait until snapd is fully seeded...
[[0;32m  OK  [0m] Started Serial Getty on ttyS0.
         Starting Set console scheme...
[[0;32m  OK  [0m] Started Wait until snapd is fully seeded.
         Starting Apply the settings specified in cloud-config...
[[0;32m  OK  [0m] Started Set console scheme.
[[0;32m  OK  [0m] Created slice system-getty.slice.
[[0;32m  OK  [0m] Started Getty on tty1.
[[0;32m  OK  [0m] Reached target Login Prompts.
[[0;32m  OK  [0m] Reached target Multi-User System.
[[0;32m  OK  [0m] Reached target Graphical Interface.
         Starting Update UTMP about System Runlevel Changes...
[[0;32m  OK  [0m] Started Update UTMP about System Runlevel Changes.
[   20.012575] cloud-init[1432]: Cloud-init v. 18.3-9-g2e62cb8a-0ubuntu1~18.04.2 running 'modules:config' at Sun, 21 Oct 2018 14:33:10 +0000. Up 19.87 seconds.
[[0;32m  OK  [0m] Started Apply the settings specified in cloud-config.
         Starting Execute cloud user/final scripts...
[[0;32m  OK  [0m] Created slice User Slice of vagrant.
         Starting User Manager for UID 1000...
[[0;32m  OK  [0m] Started Session 1 of user vagrant.
[[0;32m  OK  [0m] Started User Manager for UID 1000.
[   20.661074] cloud-init[1499]: Cloud-init v. 18.3-9-g2e62cb8a-0ubuntu1~18.04.2 running 'modules:final' at Sun, 21 Oct 2018 14:33:11 +0000. Up 20.49 seconds.
[[   20.820375] cloud-init[1499]: Cloud-init v. 18.3-9-g2e62cb8a-0ubuntu1~18.04.2 finished at Sun, 21 Oct 2018 14:33:11 +0000. Datasource DataSourceNoCloud [seed=/dev/sdb][dsmode=net].  Up 20.65 seconds
[0;32m  OK  [0m] Started Execute cloud user/final scripts.
[[0;32m  OK  [0m] Reached target Cloud-init target.

Ubuntu 18.04.1 LTS ubuntu-xenial ttyS0

ubuntu-xenial login: 